<html>
<head>
<title>TestNG:  test</title>
<link href="../testng.css" rel="stylesheet" type="text/css" />
<link href="../my-testng.css" rel="stylesheet" type="text/css" />

<style type="text/css">
.log { display: none;} 
.stack-trace { display: none;} 
</style>
<script type="text/javascript">
<!--
function flip(e) {
  current = e.style.display;
  if (current == 'block') {
    e.style.display = 'none';
    return 0;
  }
  else {
    e.style.display = 'block';
    return 1;
  }
}

function toggleBox(szDivId, elem, msg1, msg2)
{
  var res = -1;  if (document.getElementById) {
    res = flip(document.getElementById(szDivId));
  }
  else if (document.all) {
    // this is the way old msie versions work
    res = flip(document.all[szDivId]);
  }
  if(elem) {
    if(res == 0) elem.innerHTML = msg1; else elem.innerHTML = msg2;
  }

}

function toggleAllBoxes() {
  if (document.getElementsByTagName) {
    d = document.getElementsByTagName('div');
    for (i = 0; i < d.length; i++) {
      if (d[i].className == 'log') {
        flip(d[i]);
      }
    }
  }
}

// -->
</script>

</head>
<body>
<h2 align='center'>test</h2><table border='1' align="center">
<tr>
<td>Tests passed/Failed/Skipped:</td><td>0/0/1</td>
</tr><tr>
<td>Started on:</td><td>Wed Jan 13 10:32:00 IST 2021</td>
</tr>
<tr><td>Total time:</td><td>183 seconds (183942 ms)</td>
</tr><tr>
<td>Included groups:</td><td></td>
</tr><tr>
<td>Excluded groups:</td><td></td>
</tr>
</table><p/>
<small><i>(Hover the method name to see the test class name)</i></small><p/>
<table width='100%' border='1' class='invocation-skipped'>
<tr><td colspan='4' align='center'><b>SKIPPED TESTS</b></td></tr>
<tr><td><b>Test method</b></td>
<td width="30%"><b>Exception</b></td>
<td width="10%"><b>Time (seconds)</b></td>
<td><b>Instance</b></td>
</tr>
<tr>
<td title='testRunner.Workflow1_testRunner.run_cukes()'><b>run_cukes</b><br>Test class: testRunner.Workflow1_testRunner<br>Test method: Runs Cucumber Features<br/>
<a href="#Output-32393008" onClick='toggleBox("Output-32393008", this, "Show output", "Hide output");'>Show output</a>

<a href="#Output-32393008" onClick="toggleAllBoxes();">Show all outputs</a>
<div class='log' id="Output-32393008">
<div "featureFile">Feature File: featureFiles&#x2F;01_Login&#x2F;loginEmail.feature</div><br/>
<div "feature">Feature: Login using Email</div><br/>
<div "scenario">Scenario: Testbook Page</div><br/>
<div "result">Given  user is on testbook site (passed : 12s)</div><br/>
<div "scenarioOutline">Scenario Outline: Valid email login</div><br/>
<div "scenario">Scenario Outline: Valid email login</div><br/>
<div "result">Given  user clicks on login button (passed : 61s)</div><br/>
<div "result">When  enters valid &lt;email&gt; valid &lt;password&gt; clicks login (failed : 23s)</div><br/>
<div "result">Then  user is  redirected to homepage (skipped)</div><br/>
<div "featureFile">Feature File: featureFiles&#x2F;02_CourseSelect&#x2F;courseSelected.feature</div><br/>
<div "feature">Feature: Selecting a course</div><br/>
<div "scenario">Scenario: Course list displayed</div><br/>
<div "result">Given  user clicks on login button (passed : 31s)</div><br/>
<div "result">When  enters valid 16cse011@gweca.ac.in valid 12345678 clicks login (failed : 17s)</div><br/>
<div "result">Then  user is  redirected to homepage (skipped)</div><br/>
<div "scenario">Scenario: purchase course</div><br/>
<div "result">Given  user clicks on Courses tab (failed : 0s)</div><br/>
<div "result">When  user selects any course (skipped)</div><br/>
<div "featureFile">Feature File: featureFiles&#x2F;03_Billing&#x2F;buyGetPass.feature</div><br/>
<div "feature">Feature: Purchase Plan and Payment Method</div><br/>
<div "scenario">Scenario: Verify Purchase plan, Payment Method</div><br/>
<div "result">Then  user redirected to course page (failed : 0s)</div><br/>
<div "result">When  user is on selected course page course title match (skipped)</div><br/>
<div "result">Then  user clicks on Get TestBook Pass (skipped)</div><br/>
<div "scenarioOutline">Scenario Outline: card payment method</div><br/>
<div "scenario">Scenario Outline: card payment method</div><br/>
<div "result">Given  all Plans are display (failed : 15s)</div><br/>
<div "result">When  user clicks on Buy Pass (skipped)</div><br/>
<div "scenario">Scenario Outline: card payment method</div><br/>
<div "result">Then  all payment methods display (failed : 15s)</div><br/>
<div "result">Given  user select card payment method (skipped)</div><br/>
<div "scenarioOutline">Scenario Outline: upi payment method</div><br/>
<div "scenario">Scenario Outline: upi payment method</div><br/>
<div "result">Then  enter details &lt;card_no&gt; &lt;exp_date&gt; &lt;name&gt; &lt;cvv&gt; and pay (passed : 0s)</div><br/>
<div "result">Given  user select card payment method (failed : 1s)</div><br/>
<div "result">Then  enter details 378282246310005 11&#x2F;23 ABC 2314 and pay (skipped)</div><br/>
<div "scenario">Scenario Outline: upi payment method</div><br/>
<div "result">Given  user select card payment method (passed : 0s)</div><br/>
<div "result">Then  enter details 478282246310005 05&#x2F;21 XYZ 123 and pay (failed : 0s)</div><br/>
<div "result">Given  user selects upi payment (skipped)</div><br/>
<div "scenario">Scenario: close the payment window</div><br/>
<div "result">When  user enters &lt;row_no&gt; (failed : 0s)</div><br/>
<div "featureFile">Feature File: featureFiles&#x2F;04_Doubts&#x2F;doubts.feature</div><br/>
<div "feature">Feature: Doubts adding and viewing</div><br/>
<div "scenario">Scenario: Doubts asking</div><br/>
<div "result">Then  clicks on pay (failed : 0s)</div><br/>
<div "result">Given  user selects upi payment (skipped)</div><br/>
<div "result">When  user enters 1 (skipped)</div><br/>
<div "scenario">Scenario: Delete the doubt</div><br/>
<div "result">Then  clicks on pay (failed : 0s)</div><br/>
<div "result">Given  user selects upi payment (skipped)</div><br/>
<div "featureFile">Feature File: featureFiles&#x2F;07_Logout&#x2F;logout.feature</div><br/>
<div "feature">Feature: Logout from Site</div><br/>
<div "scenario">Scenario: logout from testbook</div><br/>
<div "result">When  user enters 2 (failed : 3s)</div><br/>
<div "result">Then  clicks on pay (skipped)</div><br/>
</div>
</td>
<td><div><pre>cucumber.runtime.CucumberException: org.openqa.selenium.ElementClickInterceptedException: element click intercepted: Element &lt;iframe _ngcontent-serverapp-c2=&quot;&quot; class=&quot;w-100 js-tb-on-boarding loginIframe&quot; frameborder=&quot;0&quot; id=&quot;onBoardingIframe&quot; name=&quot;onBoardingIframeName&quot; src=&quot;/login?tile=login&amp;amp;modal=true&amp;amp;base_url=%2F&amp;amp;redirect_url=%2Fhome&quot; style=&quot;position: relative; width:100%&quot; cd_frame_id_=&quot;c5b5e550fc725d2cbf727b4f29297a23&quot;&gt;&lt;/iframe&gt; is not clickable at point (674, 319). Other element would receive the click: &lt;iframe title=&quot;notification-frame-~558675c8&quot; name=&quot;notification-frame-~558675c8&quot; id=&quot;webklipper-publisher-widget-container-notification-frame&quot; frameborder=&quot;0&quot; marginheight=&quot;0&quot; marginwidth=&quot;0&quot; style=&quot;display: block; z-index: 16776272; position: fixed; visibility: visible; height: 100%; width: 100%; top: 0px; left: 0px; right: auto;&quot; data-notification-layout-id=&quot;~184fc0b7&quot; data-notification-layout-name=&quot;modal&quot;&gt;&lt;/iframe&gt;
  (Session info: chrome=87.0.4280.141)
Build info: version: &apos;3.141.59&apos;, revision: &apos;e82be7d358&apos;, time: &apos;2018-11-14T08:17:03&apos;
System info: host: &apos;DESKTOP-50GSU8Q&apos;, ip: &apos;192.168.43.123&apos;, os.name: &apos;Windows 10&apos;, os.arch: &apos;amd64&apos;, os.version: &apos;10.0&apos;, java.version: &apos;1.8.0_271&apos;
Driver info: org.openqa.selenium.chrome.ChromeDriver
Capabilities {acceptInsecureCerts: false, browserName: chrome, browserVersion: 87.0.4280.141, chrome: {chromedriverVersion: 87.0.4280.88 (89e2380a3e36c..., userDataDir: C:\WINDOWS\TEMP\scoped_dir8...}, goog:chromeOptions: {debuggerAddress: localhost:64331}, javascriptEnabled: true, networkConnectionEnabled: false, pageLoadStrategy: normal, platform: WINDOWS, platformName: WINDOWS, proxy: Proxy(), setWindowRect: true, strictFileInteractability: false, timeouts: {implicit: 0, pageLoad: 300000, script: 30000}, unhandledPromptBehavior: dismiss and notify, webauthn:virtualAuthenticators: true}
Session ID: 6b3685bc57c008c51ac092a23f32cfce
	at cucumber.api.testng.AbstractTestNGCucumberTests.run_cukes(AbstractTestNGCucumberTests.java:41)
	at cucumber.api.testng.AbstractTestNGCucumberTests.run(AbstractTestNGCucumberTests.java:47)
Caused by: org.openqa.selenium.ElementClickInterceptedException: element click intercepted: Element &lt;iframe _ngcontent-serverapp-c2=&quot;&quot; class=&quot;w-100 js-tb-on-boarding loginIframe&quot; frameborder=&quot;0&quot; id=&quot;onBoardingIframe&quot; name=&quot;onBoardingIframeName&quot; src=&quot;/login?tile=login&amp;amp;modal=true&amp;amp;base_url=%2F&amp;amp;redirect_url=%2Fhome&quot; style=&quot;position: relative; width:100%&quot; cd_frame_id_=&quot;c5b5e550fc725d2cbf727b4f29297a23&quot;&gt;&lt;/iframe&gt; is not clickable at point (674, 319). Other element would receive the click: &lt;iframe title=&quot;notification-frame-~558675c8&quot; name=&quot;notification-frame-~558675c8&quot; id=&quot;webklipper-publisher-widget-container-notification-frame&quot; frameborder=&quot;0&quot; marginheight=&quot;0&quot; marginwidth=&quot;0&quot; style=&quot;display: block; z-index: 16776272; position: fixed; visibility: visible; height: 100%; width: 100%; top: 0px; left: 0px; right: auto;&quot; data-notification-layout-id=&quot;~184fc0b7&quot; data-notification-layout-name=&quot;modal&quot;&gt;&lt;/iframe&gt;
  (Session info: chrome=87.0.4280.141)
Build info: version: &apos;3.141.59&apos;, revision: &apos;e82be7d358&apos;, time: &apos;2018-11-14T08:17:03&apos;
System info: host: &apos;DESKTOP-50GSU8Q&apos;, ip: &apos;192.168.43.123&apos;, os.name: &apos;Windows 10&apos;, os.arch: &apos;amd64&apos;, os.version: &apos;10.0&apos;, java.version: &apos;1.8.0_271&apos;
Driver info: org.openqa.selenium.chrome.ChromeDriver
Capabilities {acceptInsecureCerts: false, browserName: chrome, browserVersion: 87.0.4280.141, chrome: {chromedriverVersion: 87.0.4280.88 (89e2380a3e36c..., userDataDir: C:\WINDOWS\TEMP\scoped_dir8...}, goog:chromeOptions: {debuggerAddress: localhost:64331}, javascriptEnabled: true, networkConnectionEnabled: false, pageLoadStrategy: normal, platform: WINDOWS, platformName: WINDOWS, proxy: Proxy(), setWindowRect: true, strictFileInteractability: false, timeouts: {implicit: 0, pageLoad: 300000, script: 30000}, unhandledPromptBehavior: dismiss and notify, webauthn:virtualAuthenticators: true}
Session ID: 6b3685bc57c008c51ac092a23f32cfce
	at org.openqa.selenium.remote.http.W3CHttpResponseCodec.createException(W3CHttpResponseCodec.java:187)
	at org.openqa.selenium.remote.http.W3CHttpResponseCodec.decode(W3CHttpResponseCodec.java:122)
	at org.openqa.selenium.remote.http.W3CHttpResponseCodec.decode(W3CHttpResponseCodec.java:49)
	at org.openqa.selenium.remote.HttpCommandExecutor.execute(HttpCommandExecutor.java:158)
	at org.openqa.selenium.remote.service.DriverCommandExecutor.execute(DriverCommandExecutor.java:83)
	at org.openqa.selenium.remote.RemoteWebDriver.execute(RemoteWebDriver.java:552)
	at org.openqa.selenium.remote.RemoteWebElement.execute(RemoteWebElement.java:285)
	at org.openqa.selenium.remote.RemoteWebElement.click(RemoteWebElement.java:84)
	at org.openqa.selenium.support.pagefactory.internal.LocatingElementHandler.invoke(LocatingElementHandler.java:51)
	at com.sun.proxy.$Proxy18.click(Unknown Source)
	at pages.Login.valid_login(Login.java:91)
	at stepDefinitions.Login_stepDefinition.enters_valid_valid_clicks_login(Login_stepDefinition.java:28)
	at ?.When enters valid 16cse011@gweca.ac.in valid 12345678 clicks login(featureFiles/01_Login/loginEmail.feature:12)
... Removed 35 stack frames</pre></div><a href='#' onClick='toggleBox("stack-trace32393008", this, "Click to show all stack frames", "Click to hide stack frames")'>Click to show all stack frames</a>
<div class='stack-trace' id='stack-trace32393008'><pre>cucumber.runtime.CucumberException: org.openqa.selenium.ElementClickInterceptedException: element click intercepted: Element &lt;iframe _ngcontent-serverapp-c2=&quot;&quot; class=&quot;w-100 js-tb-on-boarding loginIframe&quot; frameborder=&quot;0&quot; id=&quot;onBoardingIframe&quot; name=&quot;onBoardingIframeName&quot; src=&quot;/login?tile=login&amp;amp;modal=true&amp;amp;base_url=%2F&amp;amp;redirect_url=%2Fhome&quot; style=&quot;position: relative; width:100%&quot; cd_frame_id_=&quot;c5b5e550fc725d2cbf727b4f29297a23&quot;&gt;&lt;/iframe&gt; is not clickable at point (674, 319). Other element would receive the click: &lt;iframe title=&quot;notification-frame-~558675c8&quot; name=&quot;notification-frame-~558675c8&quot; id=&quot;webklipper-publisher-widget-container-notification-frame&quot; frameborder=&quot;0&quot; marginheight=&quot;0&quot; marginwidth=&quot;0&quot; style=&quot;display: block; z-index: 16776272; position: fixed; visibility: visible; height: 100%; width: 100%; top: 0px; left: 0px; right: auto;&quot; data-notification-layout-id=&quot;~184fc0b7&quot; data-notification-layout-name=&quot;modal&quot;&gt;&lt;/iframe&gt;
  (Session info: chrome=87.0.4280.141)
Build info: version: &apos;3.141.59&apos;, revision: &apos;e82be7d358&apos;, time: &apos;2018-11-14T08:17:03&apos;
System info: host: &apos;DESKTOP-50GSU8Q&apos;, ip: &apos;192.168.43.123&apos;, os.name: &apos;Windows 10&apos;, os.arch: &apos;amd64&apos;, os.version: &apos;10.0&apos;, java.version: &apos;1.8.0_271&apos;
Driver info: org.openqa.selenium.chrome.ChromeDriver
Capabilities {acceptInsecureCerts: false, browserName: chrome, browserVersion: 87.0.4280.141, chrome: {chromedriverVersion: 87.0.4280.88 (89e2380a3e36c..., userDataDir: C:\WINDOWS\TEMP\scoped_dir8...}, goog:chromeOptions: {debuggerAddress: localhost:64331}, javascriptEnabled: true, networkConnectionEnabled: false, pageLoadStrategy: normal, platform: WINDOWS, platformName: WINDOWS, proxy: Proxy(), setWindowRect: true, strictFileInteractability: false, timeouts: {implicit: 0, pageLoad: 300000, script: 30000}, unhandledPromptBehavior: dismiss and notify, webauthn:virtualAuthenticators: true}
Session ID: 6b3685bc57c008c51ac092a23f32cfce
	at cucumber.api.testng.AbstractTestNGCucumberTests.run_cukes(AbstractTestNGCucumberTests.java:41)
	at sun.reflect.NativeMethodAccessorImpl.invoke0(Native Method)
	at sun.reflect.NativeMethodAccessorImpl.invoke(NativeMethodAccessorImpl.java:62)
	at sun.reflect.DelegatingMethodAccessorImpl.invoke(DelegatingMethodAccessorImpl.java:43)
	at java.lang.reflect.Method.invoke(Method.java:498)
	at org.testng.internal.MethodInvocationHelper.invokeMethod(MethodInvocationHelper.java:124)
	at org.testng.internal.MethodInvocationHelper$1.runTestMethod(MethodInvocationHelper.java:230)
	at cucumber.api.testng.AbstractTestNGCucumberTests.run(AbstractTestNGCucumberTests.java:47)
	at org.testng.internal.MethodInvocationHelper.invokeHookable(MethodInvocationHelper.java:242)
	at org.testng.internal.Invoker.invokeMethod(Invoker.java:579)
	at org.testng.internal.Invoker.invokeTestMethod(Invoker.java:719)
	at org.testng.internal.Invoker.invokeTestMethods(Invoker.java:989)
	at org.testng.internal.TestMethodWorker.invokeTestMethods(TestMethodWorker.java:125)
	at org.testng.internal.TestMethodWorker.run(TestMethodWorker.java:109)
	at org.testng.TestRunner.privateRun(TestRunner.java:648)
	at org.testng.TestRunner.run(TestRunner.java:505)
	at org.testng.SuiteRunner.runTest(SuiteRunner.java:455)
	at org.testng.SuiteRunner.runSequentially(SuiteRunner.java:450)
	at org.testng.SuiteRunner.privateRun(SuiteRunner.java:415)
	at org.testng.SuiteRunner.run(SuiteRunner.java:364)
	at org.testng.SuiteRunnerWorker.runSuite(SuiteRunnerWorker.java:52)
	at org.testng.SuiteRunnerWorker.run(SuiteRunnerWorker.java:84)
	at org.testng.TestNG.runSuitesSequentially(TestNG.java:1208)
	at org.testng.TestNG.runSuitesLocally(TestNG.java:1137)
	at org.testng.TestNG.runSuites(TestNG.java:1049)
	at org.testng.TestNG.run(TestNG.java:1017)
	at org.testng.remote.AbstractRemoteTestNG.run(AbstractRemoteTestNG.java:115)
	at org.testng.remote.RemoteTestNG.initAndRun(RemoteTestNG.java:251)
	at org.testng.remote.RemoteTestNG.main(RemoteTestNG.java:77)
Caused by: org.openqa.selenium.ElementClickInterceptedException: element click intercepted: Element &lt;iframe _ngcontent-serverapp-c2=&quot;&quot; class=&quot;w-100 js-tb-on-boarding loginIframe&quot; frameborder=&quot;0&quot; id=&quot;onBoardingIframe&quot; name=&quot;onBoardingIframeName&quot; src=&quot;/login?tile=login&amp;amp;modal=true&amp;amp;base_url=%2F&amp;amp;redirect_url=%2Fhome&quot; style=&quot;position: relative; width:100%&quot; cd_frame_id_=&quot;c5b5e550fc725d2cbf727b4f29297a23&quot;&gt;&lt;/iframe&gt; is not clickable at point (674, 319). Other element would receive the click: &lt;iframe title=&quot;notification-frame-~558675c8&quot; name=&quot;notification-frame-~558675c8&quot; id=&quot;webklipper-publisher-widget-container-notification-frame&quot; frameborder=&quot;0&quot; marginheight=&quot;0&quot; marginwidth=&quot;0&quot; style=&quot;display: block; z-index: 16776272; position: fixed; visibility: visible; height: 100%; width: 100%; top: 0px; left: 0px; right: auto;&quot; data-notification-layout-id=&quot;~184fc0b7&quot; data-notification-layout-name=&quot;modal&quot;&gt;&lt;/iframe&gt;
  (Session info: chrome=87.0.4280.141)
Build info: version: &apos;3.141.59&apos;, revision: &apos;e82be7d358&apos;, time: &apos;2018-11-14T08:17:03&apos;
System info: host: &apos;DESKTOP-50GSU8Q&apos;, ip: &apos;192.168.43.123&apos;, os.name: &apos;Windows 10&apos;, os.arch: &apos;amd64&apos;, os.version: &apos;10.0&apos;, java.version: &apos;1.8.0_271&apos;
Driver info: org.openqa.selenium.chrome.ChromeDriver
Capabilities {acceptInsecureCerts: false, browserName: chrome, browserVersion: 87.0.4280.141, chrome: {chromedriverVersion: 87.0.4280.88 (89e2380a3e36c..., userDataDir: C:\WINDOWS\TEMP\scoped_dir8...}, goog:chromeOptions: {debuggerAddress: localhost:64331}, javascriptEnabled: true, networkConnectionEnabled: false, pageLoadStrategy: normal, platform: WINDOWS, platformName: WINDOWS, proxy: Proxy(), setWindowRect: true, strictFileInteractability: false, timeouts: {implicit: 0, pageLoad: 300000, script: 30000}, unhandledPromptBehavior: dismiss and notify, webauthn:virtualAuthenticators: true}
Session ID: 6b3685bc57c008c51ac092a23f32cfce
	at sun.reflect.NativeConstructorAccessorImpl.newInstance0(Native Method)
	at sun.reflect.NativeConstructorAccessorImpl.newInstance(NativeConstructorAccessorImpl.java:62)
	at sun.reflect.DelegatingConstructorAccessorImpl.newInstance(DelegatingConstructorAccessorImpl.java:45)
	at java.lang.reflect.Constructor.newInstance(Constructor.java:423)
	at org.openqa.selenium.remote.http.W3CHttpResponseCodec.createException(W3CHttpResponseCodec.java:187)
	at org.openqa.selenium.remote.http.W3CHttpResponseCodec.decode(W3CHttpResponseCodec.java:122)
	at org.openqa.selenium.remote.http.W3CHttpResponseCodec.decode(W3CHttpResponseCodec.java:49)
	at org.openqa.selenium.remote.HttpCommandExecutor.execute(HttpCommandExecutor.java:158)
	at org.openqa.selenium.remote.service.DriverCommandExecutor.execute(DriverCommandExecutor.java:83)
	at org.openqa.selenium.remote.RemoteWebDriver.execute(RemoteWebDriver.java:552)
	at org.openqa.selenium.remote.RemoteWebElement.execute(RemoteWebElement.java:285)
	at org.openqa.selenium.remote.RemoteWebElement.click(RemoteWebElement.java:84)
	at sun.reflect.NativeMethodAccessorImpl.invoke0(Native Method)
	at sun.reflect.NativeMethodAccessorImpl.invoke(NativeMethodAccessorImpl.java:62)
	at sun.reflect.DelegatingMethodAccessorImpl.invoke(DelegatingMethodAccessorImpl.java:43)
	at java.lang.reflect.Method.invoke(Method.java:498)
	at org.openqa.selenium.support.pagefactory.internal.LocatingElementHandler.invoke(LocatingElementHandler.java:51)
	at com.sun.proxy.$Proxy18.click(Unknown Source)
	at pages.Login.valid_login(Login.java:91)
	at stepDefinitions.Login_stepDefinition.enters_valid_valid_clicks_login(Login_stepDefinition.java:28)
	at ?.When enters valid 16cse011@gweca.ac.in valid 12345678 clicks login(featureFiles/01_Login/loginEmail.feature:12)
</pre></div></td>
<td>183</td>
<td>testRunner.Workflow1_testRunner@5939a379</td></tr>
</table><p>
</body>
</html>