<!DOCTYPE html PUBLIC "-//W3C//DTD XHTML 1.1//EN" "http://www.w3.org/TR/xhtml11/DTD/xhtml11.dtd">
<html xmlns="http://www.w3.org/1999/xhtml">
<head>
<meta http-equiv="content-type" content="text/html; charset=UTF-8"/>
<title>TestNG Report</title>
<style type="text/css">table {margin-bottom:10px;border-collapse:collapse;empty-cells:show}th,td {border:1px solid #009;padding:.25em .5em}th {vertical-align:bottom}td {vertical-align:top}table a {font-weight:bold}.stripe td {background-color: #E6EBF9}.num {text-align:right}.passedodd td {background-color: #3F3}.passedeven td {background-color: #0A0}.skippedodd td {background-color: #DDD}.skippedeven td {background-color: #CCC}.failedodd td,.attn {background-color: #F33}.failedeven td,.stripe .attn {background-color: #D00}.stacktrace {white-space:pre;font-family:monospace}.totop {font-size:85%;text-align:center;border-bottom:2px solid #000}.invisible {display:none}</style>
</head>
<body>
<table>
<tr><th>Test</th><th># Passed</th><th># Skipped</th><th># Failed</th><th>Time (ms)</th><th>Included Groups</th><th>Excluded Groups</th></tr>
<tr><th colspan="7">Suite</th></tr>
<tr><td><a href="#t0">test</a></td><td class="num">0</td><td class="num attn">1</td><td class="num">0</td><td class="num">183,942</td><td></td><td></td></tr>
</table>
<table id='summary'><thead><tr><th>Class</th><th>Method</th><th>Start</th><th>Time (ms)</th></tr></thead><tbody><tr><th colspan="4">Suite</th></tr></tbody><tbody id="t0"><tr><th colspan="4">test &#8212; skipped</th></tr><tr class="skippedeven"><td rowspan="1">testRunner.Workflow1_testRunner</td><td><a href="#m0">run_cukes</a></td><td rowspan="1">1610514120886</td><td rowspan="1">183889</td></tr></tbody>
</table>
<h2>test</h2><h3 id="m0">testRunner.Workflow1_testRunner#run_cukes</h3><table class="result"><tr><th>Messages</th></tr><tr><td><div class="messages"><div "featureFile">Feature File: featureFiles&#x2F;01_Login&#x2F;loginEmail.feature</div><br/><div "feature">Feature: Login using Email</div><br/><div "scenario">Scenario: Testbook Page</div><br/><div "result">Given  user is on testbook site (passed : 12s)</div><br/><div "scenarioOutline">Scenario Outline: Valid email login</div><br/><div "scenario">Scenario Outline: Valid email login</div><br/><div "result">Given  user clicks on login button (passed : 61s)</div><br/><div "result">When  enters valid &lt;email&gt; valid &lt;password&gt; clicks login (failed : 23s)</div><br/><div "result">Then  user is  redirected to homepage (skipped)</div><br/><div "featureFile">Feature File: featureFiles&#x2F;02_CourseSelect&#x2F;courseSelected.feature</div><br/><div "feature">Feature: Selecting a course</div><br/><div "scenario">Scenario: Course list displayed</div><br/><div "result">Given  user clicks on login button (passed : 31s)</div><br/><div "result">When  enters valid 16cse011@gweca.ac.in valid 12345678 clicks login (failed : 17s)</div><br/><div "result">Then  user is  redirected to homepage (skipped)</div><br/><div "scenario">Scenario: purchase course</div><br/><div "result">Given  user clicks on Courses tab (failed : 0s)</div><br/><div "result">When  user selects any course (skipped)</div><br/><div "featureFile">Feature File: featureFiles&#x2F;03_Billing&#x2F;buyGetPass.feature</div><br/><div "feature">Feature: Purchase Plan and Payment Method</div><br/><div "scenario">Scenario: Verify Purchase plan, Payment Method</div><br/><div "result">Then  user redirected to course page (failed : 0s)</div><br/><div "result">When  user is on selected course page course title match (skipped)</div><br/><div "result">Then  user clicks on Get TestBook Pass (skipped)</div><br/><div "scenarioOutline">Scenario Outline: card payment method</div><br/><div "scenario">Scenario Outline: card payment method</div><br/><div "result">Given  all Plans are display (failed : 15s)</div><br/><div "result">When  user clicks on Buy Pass (skipped)</div><br/><div "scenario">Scenario Outline: card payment method</div><br/><div "result">Then  all payment methods display (failed : 15s)</div><br/><div "result">Given  user select card payment method (skipped)</div><br/><div "scenarioOutline">Scenario Outline: upi payment method</div><br/><div "scenario">Scenario Outline: upi payment method</div><br/><div "result">Then  enter details &lt;card_no&gt; &lt;exp_date&gt; &lt;name&gt; &lt;cvv&gt; and pay (passed : 0s)</div><br/><div "result">Given  user select card payment method (failed : 1s)</div><br/><div "result">Then  enter details 378282246310005 11&#x2F;23 ABC 2314 and pay (skipped)</div><br/><div "scenario">Scenario Outline: upi payment method</div><br/><div "result">Given  user select card payment method (passed : 0s)</div><br/><div "result">Then  enter details 478282246310005 05&#x2F;21 XYZ 123 and pay (failed : 0s)</div><br/><div "result">Given  user selects upi payment (skipped)</div><br/><div "scenario">Scenario: close the payment window</div><br/><div "result">When  user enters &lt;row_no&gt; (failed : 0s)</div><br/><div "featureFile">Feature File: featureFiles&#x2F;04_Doubts&#x2F;doubts.feature</div><br/><div "feature">Feature: Doubts adding and viewing</div><br/><div "scenario">Scenario: Doubts asking</div><br/><div "result">Then  clicks on pay (failed : 0s)</div><br/><div "result">Given  user selects upi payment (skipped)</div><br/><div "result">When  user enters 1 (skipped)</div><br/><div "scenario">Scenario: Delete the doubt</div><br/><div "result">Then  clicks on pay (failed : 0s)</div><br/><div "result">Given  user selects upi payment (skipped)</div><br/><div "featureFile">Feature File: featureFiles&#x2F;07_Logout&#x2F;logout.feature</div><br/><div "feature">Feature: Logout from Site</div><br/><div "scenario">Scenario: logout from testbook</div><br/><div "result">When  user enters 2 (failed : 3s)</div><br/><div "result">Then  clicks on pay (skipped)</div></div></td></tr><tr><th>Exception</th></tr><tr><td><div class="stacktrace">cucumber.runtime.CucumberException: org.openqa.selenium.ElementClickInterceptedException: element click intercepted: Element &lt;iframe _ngcontent-serverapp-c2=&quot;&quot; class=&quot;w-100 js-tb-on-boarding loginIframe&quot; frameborder=&quot;0&quot; id=&quot;onBoardingIframe&quot; name=&quot;onBoardingIframeName&quot; src=&quot;/login?tile=login&amp;amp;modal=true&amp;amp;base_url=%2F&amp;amp;redirect_url=%2Fhome&quot; style=&quot;position: relative; width:100%&quot; cd_frame_id_=&quot;c5b5e550fc725d2cbf727b4f29297a23&quot;&gt;&lt;/iframe&gt; is not clickable at point (674, 319). Other element would receive the click: &lt;iframe title=&quot;notification-frame-~558675c8&quot; name=&quot;notification-frame-~558675c8&quot; id=&quot;webklipper-publisher-widget-container-notification-frame&quot; frameborder=&quot;0&quot; marginheight=&quot;0&quot; marginwidth=&quot;0&quot; style=&quot;display: block; z-index: 16776272; position: fixed; visibility: visible; height: 100%; width: 100%; top: 0px; left: 0px; right: auto;&quot; data-notification-layout-id=&quot;~184fc0b7&quot; data-notification-layout-name=&quot;modal&quot;&gt;&lt;/iframe&gt;
  (Session info: chrome=87.0.4280.141)
Build info: version: &apos;3.141.59&apos;, revision: &apos;e82be7d358&apos;, time: &apos;2018-11-14T08:17:03&apos;
System info: host: &apos;DESKTOP-50GSU8Q&apos;, ip: &apos;192.168.43.123&apos;, os.name: &apos;Windows 10&apos;, os.arch: &apos;amd64&apos;, os.version: &apos;10.0&apos;, java.version: &apos;1.8.0_271&apos;
Driver info: org.openqa.selenium.chrome.ChromeDriver
Capabilities {acceptInsecureCerts: false, browserName: chrome, browserVersion: 87.0.4280.141, chrome: {chromedriverVersion: 87.0.4280.88 (89e2380a3e36c..., userDataDir: C:\WINDOWS\TEMP\scoped_dir8...}, goog:chromeOptions: {debuggerAddress: localhost:64331}, javascriptEnabled: true, networkConnectionEnabled: false, pageLoadStrategy: normal, platform: WINDOWS, platformName: WINDOWS, proxy: Proxy(), setWindowRect: true, strictFileInteractability: false, timeouts: {implicit: 0, pageLoad: 300000, script: 30000}, unhandledPromptBehavior: dismiss and notify, webauthn:virtualAuthenticators: true}
Session ID: 6b3685bc57c008c51ac092a23f32cfce
	at cucumber.api.testng.AbstractTestNGCucumberTests.run_cukes(AbstractTestNGCucumberTests.java:41)
	at cucumber.api.testng.AbstractTestNGCucumberTests.run(AbstractTestNGCucumberTests.java:47)
Caused by: org.openqa.selenium.ElementClickInterceptedException: element click intercepted: Element &lt;iframe _ngcontent-serverapp-c2=&quot;&quot; class=&quot;w-100 js-tb-on-boarding loginIframe&quot; frameborder=&quot;0&quot; id=&quot;onBoardingIframe&quot; name=&quot;onBoardingIframeName&quot; src=&quot;/login?tile=login&amp;amp;modal=true&amp;amp;base_url=%2F&amp;amp;redirect_url=%2Fhome&quot; style=&quot;position: relative; width:100%&quot; cd_frame_id_=&quot;c5b5e550fc725d2cbf727b4f29297a23&quot;&gt;&lt;/iframe&gt; is not clickable at point (674, 319). Other element would receive the click: &lt;iframe title=&quot;notification-frame-~558675c8&quot; name=&quot;notification-frame-~558675c8&quot; id=&quot;webklipper-publisher-widget-container-notification-frame&quot; frameborder=&quot;0&quot; marginheight=&quot;0&quot; marginwidth=&quot;0&quot; style=&quot;display: block; z-index: 16776272; position: fixed; visibility: visible; height: 100%; width: 100%; top: 0px; left: 0px; right: auto;&quot; data-notification-layout-id=&quot;~184fc0b7&quot; data-notification-layout-name=&quot;modal&quot;&gt;&lt;/iframe&gt;
  (Session info: chrome=87.0.4280.141)
Build info: version: &apos;3.141.59&apos;, revision: &apos;e82be7d358&apos;, time: &apos;2018-11-14T08:17:03&apos;
System info: host: &apos;DESKTOP-50GSU8Q&apos;, ip: &apos;192.168.43.123&apos;, os.name: &apos;Windows 10&apos;, os.arch: &apos;amd64&apos;, os.version: &apos;10.0&apos;, java.version: &apos;1.8.0_271&apos;
Driver info: org.openqa.selenium.chrome.ChromeDriver
Capabilities {acceptInsecureCerts: false, browserName: chrome, browserVersion: 87.0.4280.141, chrome: {chromedriverVersion: 87.0.4280.88 (89e2380a3e36c..., userDataDir: C:\WINDOWS\TEMP\scoped_dir8...}, goog:chromeOptions: {debuggerAddress: localhost:64331}, javascriptEnabled: true, networkConnectionEnabled: false, pageLoadStrategy: normal, platform: WINDOWS, platformName: WINDOWS, proxy: Proxy(), setWindowRect: true, strictFileInteractability: false, timeouts: {implicit: 0, pageLoad: 300000, script: 30000}, unhandledPromptBehavior: dismiss and notify, webauthn:virtualAuthenticators: true}
Session ID: 6b3685bc57c008c51ac092a23f32cfce
	at org.openqa.selenium.remote.http.W3CHttpResponseCodec.createException(W3CHttpResponseCodec.java:187)
	at org.openqa.selenium.remote.http.W3CHttpResponseCodec.decode(W3CHttpResponseCodec.java:122)
	at org.openqa.selenium.remote.http.W3CHttpResponseCodec.decode(W3CHttpResponseCodec.java:49)
	at org.openqa.selenium.remote.HttpCommandExecutor.execute(HttpCommandExecutor.java:158)
	at org.openqa.selenium.remote.service.DriverCommandExecutor.execute(DriverCommandExecutor.java:83)
	at org.openqa.selenium.remote.RemoteWebDriver.execute(RemoteWebDriver.java:552)
	at org.openqa.selenium.remote.RemoteWebElement.execute(RemoteWebElement.java:285)
	at org.openqa.selenium.remote.RemoteWebElement.click(RemoteWebElement.java:84)
	at org.openqa.selenium.support.pagefactory.internal.LocatingElementHandler.invoke(LocatingElementHandler.java:51)
	at com.sun.proxy.$Proxy18.click(Unknown Source)
	at pages.Login.valid_login(Login.java:91)
	at stepDefinitions.Login_stepDefinition.enters_valid_valid_clicks_login(Login_stepDefinition.java:28)
	at âœ½.When enters valid 16cse011@gweca.ac.in valid 12345678 clicks login(featureFiles/01_Login/loginEmail.feature:12)
... Removed 35 stack frames</div></td></tr></table><p class="totop"><a href="#summary">back to summary</a></p>
</body>
</html>
