<?xml version="1.0" encoding="UTF-8"?>
<testng-results skipped="1" failed="0" ignored="0" total="1" passed="0">
  <reporter-output>
    <line>
      <![CDATA[<div "featureFile">Feature File: featureFiles&#x2F;01_Login&#x2F;loginEmail.feature</div>]]>
    </line>
    <line>
      <![CDATA[<div "feature">Feature: Login using Email</div>]]>
    </line>
    <line>
      <![CDATA[<div "scenario">Scenario: Testbook Page</div>]]>
    </line>
    <line>
      <![CDATA[<div "result">Given  user is on testbook site (passed : 12s)</div>]]>
    </line>
    <line>
      <![CDATA[<div "scenarioOutline">Scenario Outline: Valid email login</div>]]>
    </line>
    <line>
      <![CDATA[<div "scenario">Scenario Outline: Valid email login</div>]]>
    </line>
    <line>
      <![CDATA[<div "result">Given  user clicks on login button (passed : 61s)</div>]]>
    </line>
    <line>
      <![CDATA[<div "result">When  enters valid &lt;email&gt; valid &lt;password&gt; clicks login (failed : 23s)</div>]]>
    </line>
    <line>
      <![CDATA[<div "result">Then  user is  redirected to homepage (skipped)</div>]]>
    </line>
    <line>
      <![CDATA[<div "featureFile">Feature File: featureFiles&#x2F;02_CourseSelect&#x2F;courseSelected.feature</div>]]>
    </line>
    <line>
      <![CDATA[<div "feature">Feature: Selecting a course</div>]]>
    </line>
    <line>
      <![CDATA[<div "scenario">Scenario: Course list displayed</div>]]>
    </line>
    <line>
      <![CDATA[<div "result">Given  user clicks on login button (passed : 31s)</div>]]>
    </line>
    <line>
      <![CDATA[<div "result">When  enters valid 16cse011@gweca.ac.in valid 12345678 clicks login (failed : 17s)</div>]]>
    </line>
    <line>
      <![CDATA[<div "result">Then  user is  redirected to homepage (skipped)</div>]]>
    </line>
    <line>
      <![CDATA[<div "scenario">Scenario: purchase course</div>]]>
    </line>
    <line>
      <![CDATA[<div "result">Given  user clicks on Courses tab (failed : 0s)</div>]]>
    </line>
    <line>
      <![CDATA[<div "result">When  user selects any course (skipped)</div>]]>
    </line>
    <line>
      <![CDATA[<div "featureFile">Feature File: featureFiles&#x2F;03_Billing&#x2F;buyGetPass.feature</div>]]>
    </line>
    <line>
      <![CDATA[<div "feature">Feature: Purchase Plan and Payment Method</div>]]>
    </line>
    <line>
      <![CDATA[<div "scenario">Scenario: Verify Purchase plan, Payment Method</div>]]>
    </line>
    <line>
      <![CDATA[<div "result">Then  user redirected to course page (failed : 0s)</div>]]>
    </line>
    <line>
      <![CDATA[<div "result">When  user is on selected course page course title match (skipped)</div>]]>
    </line>
    <line>
      <![CDATA[<div "result">Then  user clicks on Get TestBook Pass (skipped)</div>]]>
    </line>
    <line>
      <![CDATA[<div "scenarioOutline">Scenario Outline: card payment method</div>]]>
    </line>
    <line>
      <![CDATA[<div "scenario">Scenario Outline: card payment method</div>]]>
    </line>
    <line>
      <![CDATA[<div "result">Given  all Plans are display (failed : 15s)</div>]]>
    </line>
    <line>
      <![CDATA[<div "result">When  user clicks on Buy Pass (skipped)</div>]]>
    </line>
    <line>
      <![CDATA[<div "scenario">Scenario Outline: card payment method</div>]]>
    </line>
    <line>
      <![CDATA[<div "result">Then  all payment methods display (failed : 15s)</div>]]>
    </line>
    <line>
      <![CDATA[<div "result">Given  user select card payment method (skipped)</div>]]>
    </line>
    <line>
      <![CDATA[<div "scenarioOutline">Scenario Outline: upi payment method</div>]]>
    </line>
    <line>
      <![CDATA[<div "scenario">Scenario Outline: upi payment method</div>]]>
    </line>
    <line>
      <![CDATA[<div "result">Then  enter details &lt;card_no&gt; &lt;exp_date&gt; &lt;name&gt; &lt;cvv&gt; and pay (passed : 0s)</div>]]>
    </line>
    <line>
      <![CDATA[<div "result">Given  user select card payment method (failed : 1s)</div>]]>
    </line>
    <line>
      <![CDATA[<div "result">Then  enter details 378282246310005 11&#x2F;23 ABC 2314 and pay (skipped)</div>]]>
    </line>
    <line>
      <![CDATA[<div "scenario">Scenario Outline: upi payment method</div>]]>
    </line>
    <line>
      <![CDATA[<div "result">Given  user select card payment method (passed : 0s)</div>]]>
    </line>
    <line>
      <![CDATA[<div "result">Then  enter details 478282246310005 05&#x2F;21 XYZ 123 and pay (failed : 0s)</div>]]>
    </line>
    <line>
      <![CDATA[<div "result">Given  user selects upi payment (skipped)</div>]]>
    </line>
    <line>
      <![CDATA[<div "scenario">Scenario: close the payment window</div>]]>
    </line>
    <line>
      <![CDATA[<div "result">When  user enters &lt;row_no&gt; (failed : 0s)</div>]]>
    </line>
    <line>
      <![CDATA[<div "featureFile">Feature File: featureFiles&#x2F;04_Doubts&#x2F;doubts.feature</div>]]>
    </line>
    <line>
      <![CDATA[<div "feature">Feature: Doubts adding and viewing</div>]]>
    </line>
    <line>
      <![CDATA[<div "scenario">Scenario: Doubts asking</div>]]>
    </line>
    <line>
      <![CDATA[<div "result">Then  clicks on pay (failed : 0s)</div>]]>
    </line>
    <line>
      <![CDATA[<div "result">Given  user selects upi payment (skipped)</div>]]>
    </line>
    <line>
      <![CDATA[<div "result">When  user enters 1 (skipped)</div>]]>
    </line>
    <line>
      <![CDATA[<div "scenario">Scenario: Delete the doubt</div>]]>
    </line>
    <line>
      <![CDATA[<div "result">Then  clicks on pay (failed : 0s)</div>]]>
    </line>
    <line>
      <![CDATA[<div "result">Given  user selects upi payment (skipped)</div>]]>
    </line>
    <line>
      <![CDATA[<div "featureFile">Feature File: featureFiles&#x2F;07_Logout&#x2F;logout.feature</div>]]>
    </line>
    <line>
      <![CDATA[<div "feature">Feature: Logout from Site</div>]]>
    </line>
    <line>
      <![CDATA[<div "scenario">Scenario: logout from testbook</div>]]>
    </line>
    <line>
      <![CDATA[<div "result">When  user enters 2 (failed : 3s)</div>]]>
    </line>
    <line>
      <![CDATA[<div "result">Then  clicks on pay (skipped)</div>]]>
    </line>
  </reporter-output>
  <suite name="Suite" duration-ms="183942" started-at="2021-01-13T05:02:00Z" finished-at="2021-01-13T05:05:04Z">
    <groups>
      <group name="cucumber">
        <method signature="AbstractTestNGCucumberTests.run_cukes()[pri:0, instance:testRunner.Workflow1_testRunner@5939a379]" name="run_cukes" class="cucumber.api.testng.AbstractTestNGCucumberTests"/>
      </group> <!-- cucumber -->
    </groups>
    <test name="test" duration-ms="183942" started-at="2021-01-13T05:02:00Z" finished-at="2021-01-13T05:05:04Z">
      <class name="base.Testbook_Base">
        <test-method status="PASS" signature="initialize()[pri:0, instance:base.Testbook_Base@5136d012]" name="initialize" is-config="true" duration-ms="11910" started-at="2021-01-13T05:01:48Z" finished-at="2021-01-13T05:02:00Z">
          <reporter-output>
          </reporter-output>
        </test-method> <!-- initialize -->
        <test-method status="PASS" signature="teardown()[pri:0, instance:base.Testbook_Base@5136d012]" name="teardown" is-config="true" duration-ms="1946" started-at="2021-01-13T05:05:04Z" finished-at="2021-01-13T05:05:06Z">
          <reporter-output>
          </reporter-output>
        </test-method> <!-- teardown -->
      </class> <!-- base.Testbook_Base -->
      <class name="testRunner.Workflow1_testRunner">
        <test-method status="SKIP" signature="run_cukes()[pri:0, instance:testRunner.Workflow1_testRunner@5939a379]" name="run_cukes" duration-ms="183889" started-at="2021-01-13T05:02:00Z" description="Runs Cucumber Features" finished-at="2021-01-13T05:05:04Z">
          <exception class="cucumber.runtime.CucumberException">
            <message>
              <![CDATA[org.openqa.selenium.ElementClickInterceptedException: element click intercepted: Element <iframe _ngcontent-serverapp-c2="" class="w-100 js-tb-on-boarding loginIframe" frameborder="0" id="onBoardingIframe" name="onBoardingIframeName" src="/login?tile=login&amp;modal=true&amp;base_url=%2F&amp;redirect_url=%2Fhome" style="position: relative; width:100%" cd_frame_id_="c5b5e550fc725d2cbf727b4f29297a23"></iframe> is not clickable at point (674, 319). Other element would receive the click: <iframe title="notification-frame-~558675c8" name="notification-frame-~558675c8" id="webklipper-publisher-widget-container-notification-frame" frameborder="0" marginheight="0" marginwidth="0" style="display: block; z-index: 16776272; position: fixed; visibility: visible; height: 100%; width: 100%; top: 0px; left: 0px; right: auto;" data-notification-layout-id="~184fc0b7" data-notification-layout-name="modal"></iframe>
  (Session info: chrome=87.0.4280.141)
Build info: version: '3.141.59', revision: 'e82be7d358', time: '2018-11-14T08:17:03'
System info: host: 'DESKTOP-50GSU8Q', ip: '192.168.43.123', os.name: 'Windows 10', os.arch: 'amd64', os.version: '10.0', java.version: '1.8.0_271'
Driver info: org.openqa.selenium.chrome.ChromeDriver
Capabilities {acceptInsecureCerts: false, browserName: chrome, browserVersion: 87.0.4280.141, chrome: {chromedriverVersion: 87.0.4280.88 (89e2380a3e36c..., userDataDir: C:\WINDOWS\TEMP\scoped_dir8...}, goog:chromeOptions: {debuggerAddress: localhost:64331}, javascriptEnabled: true, networkConnectionEnabled: false, pageLoadStrategy: normal, platform: WINDOWS, platformName: WINDOWS, proxy: Proxy(), setWindowRect: true, strictFileInteractability: false, timeouts: {implicit: 0, pageLoad: 300000, script: 30000}, unhandledPromptBehavior: dismiss and notify, webauthn:virtualAuthenticators: true}
Session ID: 6b3685bc57c008c51ac092a23f32cfce]]>
            </message>
            <full-stacktrace>
              <![CDATA[cucumber.runtime.CucumberException: org.openqa.selenium.ElementClickInterceptedException: element click intercepted: Element <iframe _ngcontent-serverapp-c2="" class="w-100 js-tb-on-boarding loginIframe" frameborder="0" id="onBoardingIframe" name="onBoardingIframeName" src="/login?tile=login&amp;modal=true&amp;base_url=%2F&amp;redirect_url=%2Fhome" style="position: relative; width:100%" cd_frame_id_="c5b5e550fc725d2cbf727b4f29297a23"></iframe> is not clickable at point (674, 319). Other element would receive the click: <iframe title="notification-frame-~558675c8" name="notification-frame-~558675c8" id="webklipper-publisher-widget-container-notification-frame" frameborder="0" marginheight="0" marginwidth="0" style="display: block; z-index: 16776272; position: fixed; visibility: visible; height: 100%; width: 100%; top: 0px; left: 0px; right: auto;" data-notification-layout-id="~184fc0b7" data-notification-layout-name="modal"></iframe>
  (Session info: chrome=87.0.4280.141)
Build info: version: '3.141.59', revision: 'e82be7d358', time: '2018-11-14T08:17:03'
System info: host: 'DESKTOP-50GSU8Q', ip: '192.168.43.123', os.name: 'Windows 10', os.arch: 'amd64', os.version: '10.0', java.version: '1.8.0_271'
Driver info: org.openqa.selenium.chrome.ChromeDriver
Capabilities {acceptInsecureCerts: false, browserName: chrome, browserVersion: 87.0.4280.141, chrome: {chromedriverVersion: 87.0.4280.88 (89e2380a3e36c..., userDataDir: C:\WINDOWS\TEMP\scoped_dir8...}, goog:chromeOptions: {debuggerAddress: localhost:64331}, javascriptEnabled: true, networkConnectionEnabled: false, pageLoadStrategy: normal, platform: WINDOWS, platformName: WINDOWS, proxy: Proxy(), setWindowRect: true, strictFileInteractability: false, timeouts: {implicit: 0, pageLoad: 300000, script: 30000}, unhandledPromptBehavior: dismiss and notify, webauthn:virtualAuthenticators: true}
Session ID: 6b3685bc57c008c51ac092a23f32cfce
at cucumber.api.testng.AbstractTestNGCucumberTests.run_cukes(AbstractTestNGCucumberTests.java:41)
at sun.reflect.NativeMethodAccessorImpl.invoke0(Native Method)
at sun.reflect.NativeMethodAccessorImpl.invoke(NativeMethodAccessorImpl.java:62)
at sun.reflect.DelegatingMethodAccessorImpl.invoke(DelegatingMethodAccessorImpl.java:43)
at java.lang.reflect.Method.invoke(Method.java:498)
at org.testng.internal.MethodInvocationHelper.invokeMethod(MethodInvocationHelper.java:124)
at org.testng.internal.MethodInvocationHelper$1.runTestMethod(MethodInvocationHelper.java:230)
at cucumber.api.testng.AbstractTestNGCucumberTests.run(AbstractTestNGCucumberTests.java:47)
at org.testng.internal.MethodInvocationHelper.invokeHookable(MethodInvocationHelper.java:242)
at org.testng.internal.Invoker.invokeMethod(Invoker.java:579)
at org.testng.internal.Invoker.invokeTestMethod(Invoker.java:719)
at org.testng.internal.Invoker.invokeTestMethods(Invoker.java:989)
at org.testng.internal.TestMethodWorker.invokeTestMethods(TestMethodWorker.java:125)
at org.testng.internal.TestMethodWorker.run(TestMethodWorker.java:109)
at org.testng.TestRunner.privateRun(TestRunner.java:648)
at org.testng.TestRunner.run(TestRunner.java:505)
at org.testng.SuiteRunner.runTest(SuiteRunner.java:455)
at org.testng.SuiteRunner.runSequentially(SuiteRunner.java:450)
at org.testng.SuiteRunner.privateRun(SuiteRunner.java:415)
at org.testng.SuiteRunner.run(SuiteRunner.java:364)
at org.testng.SuiteRunnerWorker.runSuite(SuiteRunnerWorker.java:52)
at org.testng.SuiteRunnerWorker.run(SuiteRunnerWorker.java:84)
at org.testng.TestNG.runSuitesSequentially(TestNG.java:1208)
at org.testng.TestNG.runSuitesLocally(TestNG.java:1137)
at org.testng.TestNG.runSuites(TestNG.java:1049)
at org.testng.TestNG.run(TestNG.java:1017)
at org.testng.remote.AbstractRemoteTestNG.run(AbstractRemoteTestNG.java:115)
at org.testng.remote.RemoteTestNG.initAndRun(RemoteTestNG.java:251)
at org.testng.remote.RemoteTestNG.main(RemoteTestNG.java:77)
Caused by: org.openqa.selenium.ElementClickInterceptedException: element click intercepted: Element <iframe _ngcontent-serverapp-c2="" class="w-100 js-tb-on-boarding loginIframe" frameborder="0" id="onBoardingIframe" name="onBoardingIframeName" src="/login?tile=login&amp;modal=true&amp;base_url=%2F&amp;redirect_url=%2Fhome" style="position: relative; width:100%" cd_frame_id_="c5b5e550fc725d2cbf727b4f29297a23"></iframe> is not clickable at point (674, 319). Other element would receive the click: <iframe title="notification-frame-~558675c8" name="notification-frame-~558675c8" id="webklipper-publisher-widget-container-notification-frame" frameborder="0" marginheight="0" marginwidth="0" style="display: block; z-index: 16776272; position: fixed; visibility: visible; height: 100%; width: 100%; top: 0px; left: 0px; right: auto;" data-notification-layout-id="~184fc0b7" data-notification-layout-name="modal"></iframe>
  (Session info: chrome=87.0.4280.141)
Build info: version: '3.141.59', revision: 'e82be7d358', time: '2018-11-14T08:17:03'
System info: host: 'DESKTOP-50GSU8Q', ip: '192.168.43.123', os.name: 'Windows 10', os.arch: 'amd64', os.version: '10.0', java.version: '1.8.0_271'
Driver info: org.openqa.selenium.chrome.ChromeDriver
Capabilities {acceptInsecureCerts: false, browserName: chrome, browserVersion: 87.0.4280.141, chrome: {chromedriverVersion: 87.0.4280.88 (89e2380a3e36c..., userDataDir: C:\WINDOWS\TEMP\scoped_dir8...}, goog:chromeOptions: {debuggerAddress: localhost:64331}, javascriptEnabled: true, networkConnectionEnabled: false, pageLoadStrategy: normal, platform: WINDOWS, platformName: WINDOWS, proxy: Proxy(), setWindowRect: true, strictFileInteractability: false, timeouts: {implicit: 0, pageLoad: 300000, script: 30000}, unhandledPromptBehavior: dismiss and notify, webauthn:virtualAuthenticators: true}
Session ID: 6b3685bc57c008c51ac092a23f32cfce
at sun.reflect.NativeConstructorAccessorImpl.newInstance0(Native Method)
at sun.reflect.NativeConstructorAccessorImpl.newInstance(NativeConstructorAccessorImpl.java:62)
at sun.reflect.DelegatingConstructorAccessorImpl.newInstance(DelegatingConstructorAccessorImpl.java:45)
at java.lang.reflect.Constructor.newInstance(Constructor.java:423)
at org.openqa.selenium.remote.http.W3CHttpResponseCodec.createException(W3CHttpResponseCodec.java:187)
at org.openqa.selenium.remote.http.W3CHttpResponseCodec.decode(W3CHttpResponseCodec.java:122)
at org.openqa.selenium.remote.http.W3CHttpResponseCodec.decode(W3CHttpResponseCodec.java:49)
at org.openqa.selenium.remote.HttpCommandExecutor.execute(HttpCommandExecutor.java:158)
at org.openqa.selenium.remote.service.DriverCommandExecutor.execute(DriverCommandExecutor.java:83)
at org.openqa.selenium.remote.RemoteWebDriver.execute(RemoteWebDriver.java:552)
at org.openqa.selenium.remote.RemoteWebElement.execute(RemoteWebElement.java:285)
at org.openqa.selenium.remote.RemoteWebElement.click(RemoteWebElement.java:84)
at sun.reflect.NativeMethodAccessorImpl.invoke0(Native Method)
at sun.reflect.NativeMethodAccessorImpl.invoke(NativeMethodAccessorImpl.java:62)
at sun.reflect.DelegatingMethodAccessorImpl.invoke(DelegatingMethodAccessorImpl.java:43)
at java.lang.reflect.Method.invoke(Method.java:498)
at org.openqa.selenium.support.pagefactory.internal.LocatingElementHandler.invoke(LocatingElementHandler.java:51)
at com.sun.proxy.$Proxy18.click(Unknown Source)
at pages.Login.valid_login(Login.java:91)
at stepDefinitions.Login_stepDefinition.enters_valid_valid_clicks_login(Login_stepDefinition.java:28)
at âœ½.When enters valid 16cse011@gweca.ac.in valid 12345678 clicks login(featureFiles/01_Login/loginEmail.feature:12)
]]>
            </full-stacktrace>
          </exception> <!-- cucumber.runtime.CucumberException -->
          <reporter-output>
            <line>
              <![CDATA[<div "featureFile">Feature File: featureFiles&#x2F;01_Login&#x2F;loginEmail.feature</div>]]>
            </line>
            <line>
              <![CDATA[<div "feature">Feature: Login using Email</div>]]>
            </line>
            <line>
              <![CDATA[<div "scenario">Scenario: Testbook Page</div>]]>
            </line>
            <line>
              <![CDATA[<div "result">Given  user is on testbook site (passed : 12s)</div>]]>
            </line>
            <line>
              <![CDATA[<div "scenarioOutline">Scenario Outline: Valid email login</div>]]>
            </line>
            <line>
              <![CDATA[<div "scenario">Scenario Outline: Valid email login</div>]]>
            </line>
            <line>
              <![CDATA[<div "result">Given  user clicks on login button (passed : 61s)</div>]]>
            </line>
            <line>
              <![CDATA[<div "result">When  enters valid &lt;email&gt; valid &lt;password&gt; clicks login (failed : 23s)</div>]]>
            </line>
            <line>
              <![CDATA[<div "result">Then  user is  redirected to homepage (skipped)</div>]]>
            </line>
            <line>
              <![CDATA[<div "featureFile">Feature File: featureFiles&#x2F;02_CourseSelect&#x2F;courseSelected.feature</div>]]>
            </line>
            <line>
              <![CDATA[<div "feature">Feature: Selecting a course</div>]]>
            </line>
            <line>
              <![CDATA[<div "scenario">Scenario: Course list displayed</div>]]>
            </line>
            <line>
              <![CDATA[<div "result">Given  user clicks on login button (passed : 31s)</div>]]>
            </line>
            <line>
              <![CDATA[<div "result">When  enters valid 16cse011@gweca.ac.in valid 12345678 clicks login (failed : 17s)</div>]]>
            </line>
            <line>
              <![CDATA[<div "result">Then  user is  redirected to homepage (skipped)</div>]]>
            </line>
            <line>
              <![CDATA[<div "scenario">Scenario: purchase course</div>]]>
            </line>
            <line>
              <![CDATA[<div "result">Given  user clicks on Courses tab (failed : 0s)</div>]]>
            </line>
            <line>
              <![CDATA[<div "result">When  user selects any course (skipped)</div>]]>
            </line>
            <line>
              <![CDATA[<div "featureFile">Feature File: featureFiles&#x2F;03_Billing&#x2F;buyGetPass.feature</div>]]>
            </line>
            <line>
              <![CDATA[<div "feature">Feature: Purchase Plan and Payment Method</div>]]>
            </line>
            <line>
              <![CDATA[<div "scenario">Scenario: Verify Purchase plan, Payment Method</div>]]>
            </line>
            <line>
              <![CDATA[<div "result">Then  user redirected to course page (failed : 0s)</div>]]>
            </line>
            <line>
              <![CDATA[<div "result">When  user is on selected course page course title match (skipped)</div>]]>
            </line>
            <line>
              <![CDATA[<div "result">Then  user clicks on Get TestBook Pass (skipped)</div>]]>
            </line>
            <line>
              <![CDATA[<div "scenarioOutline">Scenario Outline: card payment method</div>]]>
            </line>
            <line>
              <![CDATA[<div "scenario">Scenario Outline: card payment method</div>]]>
            </line>
            <line>
              <![CDATA[<div "result">Given  all Plans are display (failed : 15s)</div>]]>
            </line>
            <line>
              <![CDATA[<div "result">When  user clicks on Buy Pass (skipped)</div>]]>
            </line>
            <line>
              <![CDATA[<div "scenario">Scenario Outline: card payment method</div>]]>
            </line>
            <line>
              <![CDATA[<div "result">Then  all payment methods display (failed : 15s)</div>]]>
            </line>
            <line>
              <![CDATA[<div "result">Given  user select card payment method (skipped)</div>]]>
            </line>
            <line>
              <![CDATA[<div "scenarioOutline">Scenario Outline: upi payment method</div>]]>
            </line>
            <line>
              <![CDATA[<div "scenario">Scenario Outline: upi payment method</div>]]>
            </line>
            <line>
              <![CDATA[<div "result">Then  enter details &lt;card_no&gt; &lt;exp_date&gt; &lt;name&gt; &lt;cvv&gt; and pay (passed : 0s)</div>]]>
            </line>
            <line>
              <![CDATA[<div "result">Given  user select card payment method (failed : 1s)</div>]]>
            </line>
            <line>
              <![CDATA[<div "result">Then  enter details 378282246310005 11&#x2F;23 ABC 2314 and pay (skipped)</div>]]>
            </line>
            <line>
              <![CDATA[<div "scenario">Scenario Outline: upi payment method</div>]]>
            </line>
            <line>
              <![CDATA[<div "result">Given  user select card payment method (passed : 0s)</div>]]>
            </line>
            <line>
              <![CDATA[<div "result">Then  enter details 478282246310005 05&#x2F;21 XYZ 123 and pay (failed : 0s)</div>]]>
            </line>
            <line>
              <![CDATA[<div "result">Given  user selects upi payment (skipped)</div>]]>
            </line>
            <line>
              <![CDATA[<div "scenario">Scenario: close the payment window</div>]]>
            </line>
            <line>
              <![CDATA[<div "result">When  user enters &lt;row_no&gt; (failed : 0s)</div>]]>
            </line>
            <line>
              <![CDATA[<div "featureFile">Feature File: featureFiles&#x2F;04_Doubts&#x2F;doubts.feature</div>]]>
            </line>
            <line>
              <![CDATA[<div "feature">Feature: Doubts adding and viewing</div>]]>
            </line>
            <line>
              <![CDATA[<div "scenario">Scenario: Doubts asking</div>]]>
            </line>
            <line>
              <![CDATA[<div "result">Then  clicks on pay (failed : 0s)</div>]]>
            </line>
            <line>
              <![CDATA[<div "result">Given  user selects upi payment (skipped)</div>]]>
            </line>
            <line>
              <![CDATA[<div "result">When  user enters 1 (skipped)</div>]]>
            </line>
            <line>
              <![CDATA[<div "scenario">Scenario: Delete the doubt</div>]]>
            </line>
            <line>
              <![CDATA[<div "result">Then  clicks on pay (failed : 0s)</div>]]>
            </line>
            <line>
              <![CDATA[<div "result">Given  user selects upi payment (skipped)</div>]]>
            </line>
            <line>
              <![CDATA[<div "featureFile">Feature File: featureFiles&#x2F;07_Logout&#x2F;logout.feature</div>]]>
            </line>
            <line>
              <![CDATA[<div "feature">Feature: Logout from Site</div>]]>
            </line>
            <line>
              <![CDATA[<div "scenario">Scenario: logout from testbook</div>]]>
            </line>
            <line>
              <![CDATA[<div "result">When  user enters 2 (failed : 3s)</div>]]>
            </line>
            <line>
              <![CDATA[<div "result">Then  clicks on pay (skipped)</div>]]>
            </line>
          </reporter-output>
        </test-method> <!-- run_cukes -->
      </class> <!-- testRunner.Workflow1_testRunner -->
    </test> <!-- test -->
  </suite> <!-- Suite -->
</testng-results>
